<?xml version="1.0" encoding="utf-8"?><testsuites name="pytest tests"><testsuite name="pytest" errors="0" failures="1" skipped="0" tests="14" time="3.659" timestamp="2026-06-13T02:44:16.141151+00:00" hostname="agent-env-94c9b30f-7fa0-4922-b0d4-df0395a5faca"><testcase classname="tests.test_import_integration" name="test_health_root" time="0.293" /><testcase classname="tests.test_import_integration" name="test_preview_tokeet_bom" time="0.475" /><testcase classname="tests.test_import_integration" name="test_preview_vikbooking" time="0.105" /><testcase classname="tests.test_import_integration" name="test_preview_preno" time="0.105" /><testcase classname="tests.test_import_integration" name="test_preview_guestpoint_person_detail" time="0.111"><failure message="AssertionError: assert '2026-01-05' == '2026-05-01'&#10;  &#10;  - 2026-05-01&#10;  ?       ^  ^&#10;  + 2026-01-05&#10;  ?       ^  ^">tests/test_import_integration.py:173: in test_preview_guestpoint_person_detail
    assert r0.get("last_stay") == "2026-05-01"
E   AssertionError: assert '2026-01-05' == '2026-05-01'
E     
E     - 2026-05-01
E     ?       ^  ^
E     + 2026-01-05
E     ?       ^  ^</failure></testcase><testcase classname="tests.test_import_integration" name="test_preview_guestpoint_customer_latin1" time="0.109" /><testcase classname="tests.test_import_integration" name="test_preview_generic" time="0.115" /><testcase classname="tests.test_import_integration" name="test_preview_garbage_bytes_does_not_400" time="0.102" /><testcase classname="tests.test_import_integration" name="test_preview_tolerance_empty_total_imports" time="0.122" /><testcase classname="tests.test_import_integration" name="test_preview_tolerance_skip_only_when_name_and_checkin_missing" time="0.105" /><testcase classname="tests.test_import_integration" name="test_confirm_profile_enrichment_does_not_create_reservations" time="0.416" /><testcase classname="tests.test_import_integration" name="test_confirm_booking_import_inserts_new_only" time="0.538" /><testcase classname="tests.test_import_integration" name="test_rbac_staff_cannot_call_import_preview" time="0.754" /><testcase classname="tests.test_import_integration" name="test_no_auth_returns_401" time="0.196" /></testsuite></testsuites>