<?xml version="1.0" encoding="utf-8"?><testsuites name="pytest tests"><testsuite name="pytest" errors="0" failures="0" skipped="0" tests="122" time="158.661" timestamp="2026-07-08T07:18:36.350763+00:00" hostname="agent-env-94c9b30f-7fa0-4922-b0d4-df0395a5faca"><testcase classname="backend.tests.test_stage6b_tasks" name="test_meta_requires_auth" time="0.144" /><testcase classname="backend.tests.test_stage6b_tasks" name="test_meta_admin" time="0.433" /><testcase classname="backend.tests.test_stage6b_tasks" name="test_stats_admin" time="0.131" /><testcase classname="backend.tests.test_stage6b_tasks" name="test_list_returns_created" time="0.304" /><testcase classname="backend.tests.test_stage6b_tasks" name="test_list_filters_independent" time="0.494" /><testcase classname="backend.tests.test_stage6b_tasks" name="test_update_status_done" time="0.210" /><testcase classname="backend.tests.test_stage6b_tasks" name="test_checklist_lifecycle" time="0.419" /><testcase classname="backend.tests.test_stage6b_tasks" name="test_comment_add" time="0.100" /><testcase classname="backend.tests.test_stage6b_tasks" name="test_photo_add_ok" time="0.237" /><testcase classname="backend.tests.test_stage6b_tasks" name="test_photo_reject_non_image" time="0.101" /><testcase classname="backend.tests.test_stage6b_tasks" name="test_photo_reject_oversized" time="0.455" /><testcase classname="backend.tests.test_stage6b_tasks" name="test_photo_cap_12" time="2.605" /><testcase classname="backend.tests.test_stage6b_tasks" name="test_manager_can_create_update_delete" time="55.500" /><testcase classname="backend.tests.test_stage6b_tasks" name="test_staff_rbac" time="0.941" /><testcase classname="backend.tests.test_stage6b_tasks" name="test_properties_extended_fields_roundtrip" time="6.780" /><testcase classname="backend.tests.test_stage6b_tasks" name="test_assignable_open_to_all" time="0.613" /><testcase classname="backend.tests.test_stage6c_schedules.TestMeta" name="test_meta_requires_auth" time="0.423" /><testcase classname="backend.tests.test_stage6c_schedules.TestMeta" name="test_meta_payload" time="0.099" /><testcase classname="backend.tests.test_stage6c_schedules.TestList" name="test_list_default" time="0.215" /><testcase classname="backend.tests.test_stage6c_schedules.TestList" name="test_filter_kind_compliance" time="0.112" /><testcase classname="backend.tests.test_stage6c_schedules.TestList" name="test_filter_kind_housekeeping" time="0.109" /><testcase classname="backend.tests.test_stage6c_schedules.TestList" name="test_filter_property" time="0.095" /><testcase classname="backend.tests.test_stage6c_schedules.TestList" name="test_filter_status" time="0.296" /><testcase classname="backend.tests.test_stage6c_schedules.TestCRUD" name="test_create_update_delete" time="0.503" /><testcase classname="backend.tests.test_stage6c_schedules.TestCRUD" name="test_mark_done" time="0.201" /><testcase classname="backend.tests.test_stage6c_schedules.TestCRUD" name="test_seed_defaults" time="0.097" /><testcase classname="backend.tests.test_stage6c_schedules.TestAutoTask" name="test_auto_create_then_bump" time="0.636" /><testcase classname="backend.tests.test_stage6c_schedules.TestAutoTask" name="test_bump_fallback_no_schedule_item_id" time="0.397" /><testcase classname="backend.tests.test_stage6c_schedules.TestAutoTask" name="test_delete_task_clears_linked" time="0.601" /><testcase classname="backend.tests.test_stage6c_schedules.TestRBAC" name="test_manager_full_crud" time="1.082" /><testcase classname="backend.tests.test_stage6c_schedules.TestRBAC" name="test_staff_get_filtered" time="0.749" /><testcase classname="backend.tests.test_stage6c_schedules.TestRBAC" name="test_staff_forbidden_writes" time="0.482" /><testcase classname="backend.tests.test_stage6c_schedules.TestRBAC" name="test_staff_get_does_not_autosync" time="1.358" /><testcase classname="backend.tests.test_stage6d_inventory_and_auth.TestAuthNoToken" name="test_no_token_401[/properties]" time="0.099" /><testcase classname="backend.tests.test_stage6d_inventory_and_auth.TestAuthNoToken" name="test_no_token_401[/reservations]" time="0.101" /><testcase classname="backend.tests.test_stage6d_inventory_and_auth.TestAuthNoToken" name="test_no_token_401[/analytics/summary]" time="0.144" /><testcase classname="backend.tests.test_stage6d_inventory_and_auth.TestAuthNoToken" name="test_no_token_401[/analytics/revenue]" time="0.093" /><testcase classname="backend.tests.test_stage6d_inventory_and_auth.TestAuthNoToken" name="test_no_token_401[/segments]" time="0.093" /><testcase classname="backend.tests.test_stage6d_inventory_and_auth.TestAuthNoToken" name="test_no_token_401[/guests]" time="0.097" /><testcase classname="backend.tests.test_stage6d_inventory_and_auth.TestAuthNoToken" name="test_no_token_401[/cancellations]" time="0.094" /><testcase classname="backend.tests.test_stage6d_inventory_and_auth.TestAuthNoToken" name="test_no_token_401[/scores/summary]" time="0.135" /><testcase classname="backend.tests.test_stage6d_inventory_and_auth.TestAuthNoToken" name="test_no_token_401[/commissions/summary]" time="0.104" /><testcase classname="backend.tests.test_stage6d_inventory_and_auth.TestAuthNoToken" name="test_no_token_401[/reports]" time="0.094" /><testcase classname="backend.tests.test_stage6d_inventory_and_auth.TestAuthNoToken" name="test_no_token_401[/campaigns]" time="0.097" /><testcase classname="backend.tests.test_stage6d_inventory_and_auth.TestAuthNoToken" name="test_no_token_401[/digest/preview]" time="0.101" /><testcase classname="backend.tests.test_stage6d_inventory_and_auth.TestAuthNoToken" name="test_no_token_401[/digest/history]" time="68.432" /><testcase classname="backend.tests.test_stage6d_inventory_and_auth.TestAuthNoToken" name="test_no_token_401[/settings/digest]" time="0.188" /><testcase classname="backend.tests.test_stage6d_inventory_and_auth.TestAuthNoToken" name="test_no_token_401[/settings/commissions]" time="0.097" /><testcase classname="backend.tests.test_stage6d_inventory_and_auth.TestAuthNoToken" name="test_no_token_401[/settings/offers]" time="0.707" /><testcase classname="backend.tests.test_stage6d_inventory_and_auth.TestAuthNoToken" name="test_no_token_401[/inventory]" time="0.100" /><testcase classname="backend.tests.test_stage6d_inventory_and_auth.TestAuthNoToken" name="test_no_token_401[/schedules]" time="0.097" /><testcase classname="backend.tests.test_stage6d_inventory_and_auth.TestAuthAdminToken" name="test_admin_200[/properties]" time="0.422" /><testcase classname="backend.tests.test_stage6d_inventory_and_auth.TestAuthAdminToken" name="test_admin_200[/reservations]" time="0.140" /><testcase classname="backend.tests.test_stage6d_inventory_and_auth.TestAuthAdminToken" name="test_admin_200[/analytics/summary]" time="0.099" /><testcase classname="backend.tests.test_stage6d_inventory_and_auth.TestAuthAdminToken" name="test_admin_200[/analytics/revenue]" time="0.109" /><testcase classname="backend.tests.test_stage6d_inventory_and_auth.TestAuthAdminToken" name="test_admin_200[/segments]" time="0.102" /><testcase classname="backend.tests.test_stage6d_inventory_and_auth.TestAuthAdminToken" name="test_admin_200[/guests]" time="0.158" /><testcase classname="backend.tests.test_stage6d_inventory_and_auth.TestAuthAdminToken" name="test_admin_200[/cancellations]" time="0.105" /><testcase classname="backend.tests.test_stage6d_inventory_and_auth.TestAuthAdminToken" name="test_admin_200[/scores/summary]" time="0.102" /><testcase classname="backend.tests.test_stage6d_inventory_and_auth.TestAuthAdminToken" name="test_admin_200[/commissions/summary]" time="0.103" /><testcase classname="backend.tests.test_stage6d_inventory_and_auth.TestAuthAdminToken" name="test_admin_200[/reports]" time="0.099" /><testcase classname="backend.tests.test_stage6d_inventory_and_auth.TestAuthAdminToken" name="test_admin_200[/campaigns]" time="0.111" /><testcase classname="backend.tests.test_stage6d_inventory_and_auth.TestAuthAdminToken" name="test_admin_200[/digest/preview]" time="0.105" /><testcase classname="backend.tests.test_stage6d_inventory_and_auth.TestAuthAdminToken" name="test_admin_200[/digest/history]" time="0.100" /><testcase classname="backend.tests.test_stage6d_inventory_and_auth.TestAuthAdminToken" name="test_admin_200[/settings/digest]" time="0.098" /><testcase classname="backend.tests.test_stage6d_inventory_and_auth.TestAuthAdminToken" name="test_admin_200[/settings/commissions]" time="0.100" /><testcase classname="backend.tests.test_stage6d_inventory_and_auth.TestAuthAdminToken" name="test_admin_200[/settings/offers]" time="0.097" /><testcase classname="backend.tests.test_stage6d_inventory_and_auth.TestAuthAdminToken" name="test_admin_200[/inventory]" time="0.151" /><testcase classname="backend.tests.test_stage6d_inventory_and_auth.TestAuthAdminToken" name="test_admin_200[/schedules]" time="0.105" /><testcase classname="backend.tests.test_stage6d_inventory_and_auth.TestAuthManager" name="test_manager_get_200[/properties]" time="0.745" /><testcase classname="backend.tests.test_stage6d_inventory_and_auth.TestAuthManager" name="test_manager_get_200[/reservations]" time="0.149" /><testcase classname="backend.tests.test_stage6d_inventory_and_auth.TestAuthManager" name="test_manager_get_200[/analytics/summary]" time="0.102" /><testcase classname="backend.tests.test_stage6d_inventory_and_auth.TestAuthManager" name="test_manager_get_200[/analytics/revenue]" time="0.121" /><testcase classname="backend.tests.test_stage6d_inventory_and_auth.TestAuthManager" name="test_manager_get_200[/segments]" time="0.104" /><testcase classname="backend.tests.test_stage6d_inventory_and_auth.TestAuthManager" name="test_manager_get_200[/guests]" time="0.171" /><testcase classname="backend.tests.test_stage6d_inventory_and_auth.TestAuthManager" name="test_manager_get_200[/cancellations]" time="0.103" /><testcase classname="backend.tests.test_stage6d_inventory_and_auth.TestAuthManager" name="test_manager_get_200[/scores/summary]" time="0.109" /><testcase classname="backend.tests.test_stage6d_inventory_and_auth.TestAuthManager" name="test_manager_get_200[/commissions/summary]" time="0.140" /><testcase classname="backend.tests.test_stage6d_inventory_and_auth.TestAuthManager" name="test_manager_get_200[/reports]" time="0.096" /><testcase classname="backend.tests.test_stage6d_inventory_and_auth.TestAuthManager" name="test_manager_get_200[/campaigns]" time="0.107" /><testcase classname="backend.tests.test_stage6d_inventory_and_auth.TestAuthManager" name="test_manager_get_200[/settings/commissions]" time="0.102" /><testcase classname="backend.tests.test_stage6d_inventory_and_auth.TestAuthManager" name="test_manager_get_200[/settings/offers]" time="0.102" /><testcase classname="backend.tests.test_stage6d_inventory_and_auth.TestAuthManager" name="test_manager_get_200[/inventory]" time="0.141" /><testcase classname="backend.tests.test_stage6d_inventory_and_auth.TestAuthManager" name="test_manager_get_200[/schedules]" time="0.113" /><testcase classname="backend.tests.test_stage6d_inventory_and_auth.TestAuthManager" name="test_manager_admin_only_get_403[/users]" time="0.095" /><testcase classname="backend.tests.test_stage6d_inventory_and_auth.TestAuthManager" name="test_manager_admin_only_get_403[/settings/digest]" time="0.096" /><testcase classname="backend.tests.test_stage6d_inventory_and_auth.TestAuthManager" name="test_manager_admin_only_get_403[/digest/preview]" time="0.103" /><testcase classname="backend.tests.test_stage6d_inventory_and_auth.TestAuthManager" name="test_manager_admin_only_get_403[/digest/history]" time="0.100" /><testcase classname="backend.tests.test_stage6d_inventory_and_auth.TestAuthManager" name="test_manager_admin_only_writes_403" time="0.304" /><testcase classname="backend.tests.test_stage6d_inventory_and_auth.TestAuthStaff" name="test_staff_properties_get_200" time="0.849" /><testcase classname="backend.tests.test_stage6d_inventory_and_auth.TestAuthStaff" name="test_staff_properties_post_403" time="0.096" /><testcase classname="backend.tests.test_stage6d_inventory_and_auth.TestAuthStaff" name="test_staff_analytics_summary_403" time="0.098" /><testcase classname="backend.tests.test_stage6d_inventory_and_auth.TestAuthStaff" name="test_staff_segments_403" time="0.095" /><testcase classname="backend.tests.test_stage6d_inventory_and_auth.TestAuthStaff" name="test_staff_inventory_filtered" time="0.102" /><testcase classname="backend.tests.test_stage6d_inventory_and_auth.TestAuthStaff" name="test_staff_inventory_post_403" time="0.099" /><testcase classname="backend.tests.test_stage6d_inventory_and_auth.TestAuthDigestWebhook" name="test_digest_run_no_token_anonymous" time="0.092" /><testcase classname="backend.tests.test_stage6d_inventory_and_auth.TestInventoryMeta" name="test_meta_no_token_401" time="0.093" /><testcase classname="backend.tests.test_stage6d_inventory_and_auth.TestInventoryMeta" name="test_meta_returns_7_cats_and_25_defaults" time="0.100" /><testcase classname="backend.tests.test_stage6d_inventory_and_auth.TestInventoryList" name="test_list_baseline_375" time="0.123" /><testcase classname="backend.tests.test_stage6d_inventory_and_auth.TestInventoryList" name="test_filter_category" time="0.113" /><testcase classname="backend.tests.test_stage6d_inventory_and_auth.TestInventoryList" name="test_filter_property" time="0.099" /><testcase classname="backend.tests.test_stage6d_inventory_and_auth.TestInventoryCRUD" name="test_full_crud" time="0.392" /><testcase classname="backend.tests.test_stage6d_inventory_and_auth.TestInventoryCRUD" name="test_seed_defaults_idempotent" time="0.099" /><testcase classname="backend.tests.test_stage6d_inventory_and_auth.TestInventoryAutoTask" name="test_low_stock_creates_restock_task_no_duplicates" time="0.893" /><testcase classname="backend.tests.test_stage6d_inventory_and_auth.TestInventoryAutoTask" name="test_priority_urgent_when_current_zero" time="0.453" /><testcase classname="backend.tests.test_stage6d_inventory_and_auth.TestInventoryAutoTask" name="test_delete_task_clears_linked_id" time="0.728" /><testcase classname="backend.tests.test_stage6d_inventory_and_auth.TestRestockRBAC" name="test_staff_restock_403" time="0.397" /><testcase classname="backend.tests.test_csv_importer" name="test_decode_utf8_with_bom" time="0.000" /><testcase classname="backend.tests.test_csv_importer" name="test_decode_latin1_fallback" time="0.004" /><testcase classname="backend.tests.test_csv_importer" name="test_detect_tokeet_bom" time="0.000" /><testcase classname="backend.tests.test_csv_importer" name="test_detect_vikbooking" time="0.000" /><testcase classname="backend.tests.test_csv_importer" name="test_detect_preno" time="0.000" /><testcase classname="backend.tests.test_csv_importer" name="test_detect_guestpoint_person_detail" time="0.000" /><testcase classname="backend.tests.test_csv_importer" name="test_detect_guestpoint_customer_export" time="0.000" /><testcase classname="backend.tests.test_csv_importer" name="test_tokeet_full_flow" time="0.011" /><testcase classname="backend.tests.test_csv_importer" name="test_vikbooking_full_flow" time="0.004" /><testcase classname="backend.tests.test_csv_importer" name="test_preno_full_flow" time="0.003" /><testcase classname="backend.tests.test_csv_importer" name="test_guestpoint_person_detail_flow" time="0.002" /><testcase classname="backend.tests.test_csv_importer" name="test_guestpoint_customer_export_flow_latin1" time="0.006" /><testcase classname="backend.tests.test_csv_importer" name="test_keep_row_tolerance_rules" time="0.000" /><testcase classname="backend.tests.test_csv_importer" name="test_money_parsing" time="0.000" /><testcase classname="backend.tests.test_csv_importer" name="test_generic_still_works" time="0.004" /></testsuite></testsuites>