<?xml version="1.0" encoding="utf-8"?><testsuites name="pytest tests"><testsuite name="pytest" errors="0" failures="0" skipped="0" tests="31" time="8.718" timestamp="2026-07-08T07:18:21.280775+00:00" hostname="agent-env-94c9b30f-7fa0-4922-b0d4-df0395a5faca"><testcase classname="backend.tests.test_stage6e_reviews.TestMeta" name="test_meta_shape" time="0.604" /><testcase classname="backend.tests.test_stage6e_reviews.TestMeta" name="test_meta_requires_auth" time="0.141" /><testcase classname="backend.tests.test_stage6e_reviews.TestCreateAndDerivation" name="test_create_low_rating_unresponded_autoflag" time="0.199" /><testcase classname="backend.tests.test_stage6e_reviews.TestCreateAndDerivation" name="test_category_tags_persist" time="0.225" /><testcase classname="backend.tests.test_stage6e_reviews.TestCreateAndDerivation" name="test_high_rating_positive" time="0.113" /><testcase classname="backend.tests.test_stage6e_reviews.TestCreateAndDerivation" name="test_mid_rating_neutral" time="0.147" /><testcase classname="backend.tests.test_stage6e_reviews.TestCreateAndDerivation" name="test_rating_3_unresponded_priority" time="0.116" /><testcase classname="backend.tests.test_stage6e_reviews.TestUpdateRules" name="test_flip_response_sent_clears_priority_but_keeps_sentiment" time="0.200" /><testcase classname="backend.tests.test_stage6e_reviews.TestUpdateRules" name="test_manual_priority_override_forces_true" time="0.320" /><testcase classname="backend.tests.test_stage6e_reviews.TestUpdateRules" name="test_manual_sentiment_persists" time="0.252" /><testcase classname="backend.tests.test_stage6e_reviews.TestUpdateRules" name="test_delete" time="0.294" /><testcase classname="backend.tests.test_stage6e_reviews.TestValidation" name="test_rating_zero_400" time="0.100" /><testcase classname="backend.tests.test_stage6e_reviews.TestValidation" name="test_rating_six_400" time="0.107" /><testcase classname="backend.tests.test_stage6e_reviews.TestValidation" name="test_invalid_source_400" time="0.104" /><testcase classname="backend.tests.test_stage6e_reviews.TestFilters" name="test_filter_property" time="0.733" /><testcase classname="backend.tests.test_stage6e_reviews.TestFilters" name="test_filter_source" time="0.099" /><testcase classname="backend.tests.test_stage6e_reviews.TestFilters" name="test_filter_sentiment" time="0.097" /><testcase classname="backend.tests.test_stage6e_reviews.TestFilters" name="test_filter_rating_range" time="0.098" /><testcase classname="backend.tests.test_stage6e_reviews.TestFilters" name="test_filter_responded_yes" time="0.099" /><testcase classname="backend.tests.test_stage6e_reviews.TestFilters" name="test_filter_responded_no" time="0.095" /><testcase classname="backend.tests.test_stage6e_reviews.TestFilters" name="test_filter_priority_only" time="0.098" /><testcase classname="backend.tests.test_stage6e_reviews.TestFilters" name="test_filter_search" time="0.102" /><testcase classname="backend.tests.test_stage6e_reviews.TestAnalytics" name="test_analytics_shape_and_math" time="0.095" /><testcase classname="backend.tests.test_stage6e_reviews.TestForGuest" name="test_for_guest_lowercase_and_sort" time="0.332" /><testcase classname="backend.tests.test_stage6e_reviews.TestCsvImport" name="test_preview_then_confirm" time="0.382" /><testcase classname="backend.tests.test_stage6e_reviews.TestRBAC" name="test_unauthenticated_list_401" time="0.099" /><testcase classname="backend.tests.test_stage6e_reviews.TestRBAC" name="test_staff_can_get_meta" time="0.731" /><testcase classname="backend.tests.test_stage6e_reviews.TestRBAC" name="test_staff_visibility_filter" time="0.094" /><testcase classname="backend.tests.test_stage6e_reviews.TestRBAC" name="test_staff_post_403" time="0.094" /><testcase classname="backend.tests.test_stage6e_reviews.TestRBAC" name="test_staff_put_403" time="0.211" /><testcase classname="backend.tests.test_stage6e_reviews.TestRBAC" name="test_staff_delete_403" time="2.225" /></testsuite></testsuites>