<?xml version="1.0" encoding="utf-8"?><testsuites name="pytest tests"><testsuite name="pytest" errors="0" failures="1" skipped="0" tests="74" time="12.182" timestamp="2026-06-12T04:21:18.107282+00:00" hostname="agent-env-94c9b30f-7fa0-4922-b0d4-df0395a5faca"><testcase classname="backend.tests.test_stage6d_inventory_and_auth.TestAuthNoToken" name="test_no_token_401[/properties]" time="0.251" /><testcase classname="backend.tests.test_stage6d_inventory_and_auth.TestAuthNoToken" name="test_no_token_401[/reservations]" time="0.116" /><testcase classname="backend.tests.test_stage6d_inventory_and_auth.TestAuthNoToken" name="test_no_token_401[/analytics/summary]" time="0.102" /><testcase classname="backend.tests.test_stage6d_inventory_and_auth.TestAuthNoToken" name="test_no_token_401[/analytics/revenue]" time="0.101" /><testcase classname="backend.tests.test_stage6d_inventory_and_auth.TestAuthNoToken" name="test_no_token_401[/segments]" time="0.098" /><testcase classname="backend.tests.test_stage6d_inventory_and_auth.TestAuthNoToken" name="test_no_token_401[/guests]" time="0.096" /><testcase classname="backend.tests.test_stage6d_inventory_and_auth.TestAuthNoToken" name="test_no_token_401[/cancellations]" time="0.103" /><testcase classname="backend.tests.test_stage6d_inventory_and_auth.TestAuthNoToken" name="test_no_token_401[/scores/summary]" time="0.091" /><testcase classname="backend.tests.test_stage6d_inventory_and_auth.TestAuthNoToken" name="test_no_token_401[/commissions/summary]" time="0.149" /><testcase classname="backend.tests.test_stage6d_inventory_and_auth.TestAuthNoToken" name="test_no_token_401[/reports]" time="0.101" /><testcase classname="backend.tests.test_stage6d_inventory_and_auth.TestAuthNoToken" name="test_no_token_401[/campaigns]" time="0.097" /><testcase classname="backend.tests.test_stage6d_inventory_and_auth.TestAuthNoToken" name="test_no_token_401[/digest/preview]" time="0.092" /><testcase classname="backend.tests.test_stage6d_inventory_and_auth.TestAuthNoToken" name="test_no_token_401[/digest/history]" time="0.122" /><testcase classname="backend.tests.test_stage6d_inventory_and_auth.TestAuthNoToken" name="test_no_token_401[/settings/digest]" time="0.104" /><testcase classname="backend.tests.test_stage6d_inventory_and_auth.TestAuthNoToken" name="test_no_token_401[/settings/commissions]" time="0.102" /><testcase classname="backend.tests.test_stage6d_inventory_and_auth.TestAuthNoToken" name="test_no_token_401[/settings/offers]" time="0.091" /><testcase classname="backend.tests.test_stage6d_inventory_and_auth.TestAuthNoToken" name="test_no_token_401[/inventory]" time="0.097" /><testcase classname="backend.tests.test_stage6d_inventory_and_auth.TestAuthNoToken" name="test_no_token_401[/schedules]" time="0.092" /><testcase classname="backend.tests.test_stage6d_inventory_and_auth.TestAuthAdminToken" name="test_admin_200[/properties]" time="0.419" /><testcase classname="backend.tests.test_stage6d_inventory_and_auth.TestAuthAdminToken" name="test_admin_200[/reservations]" time="0.097" /><testcase classname="backend.tests.test_stage6d_inventory_and_auth.TestAuthAdminToken" name="test_admin_200[/analytics/summary]" time="0.094" /><testcase classname="backend.tests.test_stage6d_inventory_and_auth.TestAuthAdminToken" name="test_admin_200[/analytics/revenue]" time="0.098" /><testcase classname="backend.tests.test_stage6d_inventory_and_auth.TestAuthAdminToken" name="test_admin_200[/segments]" time="0.100" /><testcase classname="backend.tests.test_stage6d_inventory_and_auth.TestAuthAdminToken" name="test_admin_200[/guests]" time="0.113" /><testcase classname="backend.tests.test_stage6d_inventory_and_auth.TestAuthAdminToken" name="test_admin_200[/cancellations]" time="0.096" /><testcase classname="backend.tests.test_stage6d_inventory_and_auth.TestAuthAdminToken" name="test_admin_200[/scores/summary]" time="0.093" /><testcase classname="backend.tests.test_stage6d_inventory_and_auth.TestAuthAdminToken" name="test_admin_200[/commissions/summary]" time="0.191" /><testcase classname="backend.tests.test_stage6d_inventory_and_auth.TestAuthAdminToken" name="test_admin_200[/reports]" time="0.096" /><testcase classname="backend.tests.test_stage6d_inventory_and_auth.TestAuthAdminToken" name="test_admin_200[/campaigns]" time="0.098" /><testcase classname="backend.tests.test_stage6d_inventory_and_auth.TestAuthAdminToken" name="test_admin_200[/digest/preview]" time="0.093" /><testcase classname="backend.tests.test_stage6d_inventory_and_auth.TestAuthAdminToken" name="test_admin_200[/digest/history]" time="0.094" /><testcase classname="backend.tests.test_stage6d_inventory_and_auth.TestAuthAdminToken" name="test_admin_200[/settings/digest]" time="0.094" /><testcase classname="backend.tests.test_stage6d_inventory_and_auth.TestAuthAdminToken" name="test_admin_200[/settings/commissions]" time="0.102" /><testcase classname="backend.tests.test_stage6d_inventory_and_auth.TestAuthAdminToken" name="test_admin_200[/settings/offers]" time="0.094" /><testcase classname="backend.tests.test_stage6d_inventory_and_auth.TestAuthAdminToken" name="test_admin_200[/inventory]" time="0.140" /><testcase classname="backend.tests.test_stage6d_inventory_and_auth.TestAuthAdminToken" name="test_admin_200[/schedules]" time="0.105" /><testcase classname="backend.tests.test_stage6d_inventory_and_auth.TestAuthManager" name="test_manager_get_200[/properties]" time="0.750" /><testcase classname="backend.tests.test_stage6d_inventory_and_auth.TestAuthManager" name="test_manager_get_200[/reservations]" time="0.099" /><testcase classname="backend.tests.test_stage6d_inventory_and_auth.TestAuthManager" name="test_manager_get_200[/analytics/summary]" time="0.114" /><testcase classname="backend.tests.test_stage6d_inventory_and_auth.TestAuthManager" name="test_manager_get_200[/analytics/revenue]" time="0.102" /><testcase classname="backend.tests.test_stage6d_inventory_and_auth.TestAuthManager" name="test_manager_get_200[/segments]" time="0.159" /><testcase classname="backend.tests.test_stage6d_inventory_and_auth.TestAuthManager" name="test_manager_get_200[/guests]" time="0.095" /><testcase classname="backend.tests.test_stage6d_inventory_and_auth.TestAuthManager" name="test_manager_get_200[/cancellations]" time="0.097" /><testcase classname="backend.tests.test_stage6d_inventory_and_auth.TestAuthManager" name="test_manager_get_200[/scores/summary]" time="0.098" /><testcase classname="backend.tests.test_stage6d_inventory_and_auth.TestAuthManager" name="test_manager_get_200[/commissions/summary]" time="0.089" /><testcase classname="backend.tests.test_stage6d_inventory_and_auth.TestAuthManager" name="test_manager_get_200[/reports]" time="0.092" /><testcase classname="backend.tests.test_stage6d_inventory_and_auth.TestAuthManager" name="test_manager_get_200[/campaigns]" time="0.103" /><testcase classname="backend.tests.test_stage6d_inventory_and_auth.TestAuthManager" name="test_manager_get_200[/settings/commissions]" time="0.098" /><testcase classname="backend.tests.test_stage6d_inventory_and_auth.TestAuthManager" name="test_manager_get_200[/settings/offers]" time="0.094" /><testcase classname="backend.tests.test_stage6d_inventory_and_auth.TestAuthManager" name="test_manager_get_200[/inventory]" time="0.142" /><testcase classname="backend.tests.test_stage6d_inventory_and_auth.TestAuthManager" name="test_manager_get_200[/schedules]" time="0.108" /><testcase classname="backend.tests.test_stage6d_inventory_and_auth.TestAuthManager" name="test_manager_admin_only_get_403[/users]" time="0.091" /><testcase classname="backend.tests.test_stage6d_inventory_and_auth.TestAuthManager" name="test_manager_admin_only_get_403[/settings/digest]" time="0.095" /><testcase classname="backend.tests.test_stage6d_inventory_and_auth.TestAuthManager" name="test_manager_admin_only_get_403[/digest/preview]" time="0.092" /><testcase classname="backend.tests.test_stage6d_inventory_and_auth.TestAuthManager" name="test_manager_admin_only_get_403[/digest/history]" time="0.103" /><testcase classname="backend.tests.test_stage6d_inventory_and_auth.TestAuthManager" name="test_manager_admin_only_writes_403" time="0.283" /><testcase classname="backend.tests.test_stage6d_inventory_and_auth.TestAuthStaff" name="test_staff_properties_get_200" time="0.852" /><testcase classname="backend.tests.test_stage6d_inventory_and_auth.TestAuthStaff" name="test_staff_properties_post_403" time="0.098" /><testcase classname="backend.tests.test_stage6d_inventory_and_auth.TestAuthStaff" name="test_staff_analytics_summary_403" time="0.111" /><testcase classname="backend.tests.test_stage6d_inventory_and_auth.TestAuthStaff" name="test_staff_segments_403" time="0.097" /><testcase classname="backend.tests.test_stage6d_inventory_and_auth.TestAuthStaff" name="test_staff_inventory_filtered" time="0.098" /><testcase classname="backend.tests.test_stage6d_inventory_and_auth.TestAuthStaff" name="test_staff_inventory_post_403" time="0.106" /><testcase classname="backend.tests.test_stage6d_inventory_and_auth.TestAuthDigestWebhook" name="test_digest_run_no_token_anonymous" time="0.123"><failure message="AssertionError: unexpected 405&#10;assert 405 in (200, 400, 401, 403)&#10; +  where 405 = &lt;Response [405]&gt;.status_code">backend/tests/test_stage6d_inventory_and_auth.py:208: in test_digest_run_no_token_anonymous
    assert r.status_code in (200, 400, 401, 403), f"unexpected {r.status_code}"
E   AssertionError: unexpected 405
E   assert 405 in (200, 400, 401, 403)
E    +  where 405 = &lt;Response [405]&gt;.status_code</failure></testcase><testcase classname="backend.tests.test_stage6d_inventory_and_auth.TestInventoryMeta" name="test_meta_no_token_401" time="0.093" /><testcase classname="backend.tests.test_stage6d_inventory_and_auth.TestInventoryMeta" name="test_meta_returns_7_cats_and_25_defaults" time="0.096" /><testcase classname="backend.tests.test_stage6d_inventory_and_auth.TestInventoryList" name="test_list_baseline_375" time="0.143" /><testcase classname="backend.tests.test_stage6d_inventory_and_auth.TestInventoryList" name="test_filter_category" time="0.123" /><testcase classname="backend.tests.test_stage6d_inventory_and_auth.TestInventoryList" name="test_filter_property" time="0.102" /><testcase classname="backend.tests.test_stage6d_inventory_and_auth.TestInventoryCRUD" name="test_full_crud" time="0.395" /><testcase classname="backend.tests.test_stage6d_inventory_and_auth.TestInventoryCRUD" name="test_seed_defaults_idempotent" time="0.099" /><testcase classname="backend.tests.test_stage6d_inventory_and_auth.TestInventoryAutoTask" name="test_low_stock_creates_restock_task_no_duplicates" time="0.822" /><testcase classname="backend.tests.test_stage6d_inventory_and_auth.TestInventoryAutoTask" name="test_priority_urgent_when_current_zero" time="0.424" /><testcase classname="backend.tests.test_stage6d_inventory_and_auth.TestInventoryAutoTask" name="test_delete_task_clears_linked_id" time="0.718" /><testcase classname="backend.tests.test_stage6d_inventory_and_auth.TestRestockRBAC" name="test_staff_restock_403" time="0.387" /></testsuite></testsuites>